<?xml version="1.0" encoding="UTF-8"?>
<!-- Generated by org.testng.reporters.JUnitReportReporter -->
<testsuite hostname="Tejass-MacBook-Pro-2.local" failures="0" tests="1" name="com.actitime.test.ActitimeDeleteLeaveTest" time="1.891" errors="0" timestamp="14 Jan 2021 23:41:45 GMT" skipped="0">
  <testcase classname="com.actitime.test.ActitimeDeleteLeaveTest" name="deleteLeaveTest" time="1.891"/>
</testsuite> <!-- com.actitime.test.ActitimeDeleteLeaveTest -->
