<?xml version="1.0" encoding="UTF-8"?>
<!-- Generated by org.testng.reporters.JUnitReportReporter -->
<testsuite hostname="Tejass-MacBook-Pro-2.local" failures="0" tests="1" name="com.actitime.test.ActitimeEditWork" time="3.775" errors="0" timestamp="15 Jan 2021 02:34:46 GMT" skipped="0">
  <testcase classname="com.actitime.test.ActitimeEditWork" name="editWorkTest" time="3.775"/>
</testsuite> <!-- com.actitime.test.ActitimeEditWork -->
